<?xml version="1.0" encoding="UTF-8"?>
<!-- Generated by org.testng.reporters.JUnitXMLReporter -->
<testsuite ignored="0" hostname="shravani" failures="1" tests="3" name="Test" time="33.076" errors="0" timestamp="2025-11-18T16:43:01 IST">
  <testcase classname="testPages.Logintestcase" name="verifylogin" time="6.143"/>
  <testcase classname="testPages.Logintestcase" name="verifylogin" time="3.317"/>
  <testcase classname="testPages.Logintestcase" name="verifylogin" time="11.78">
    <failure type="java.lang.AssertionError" message="Login failed for: abc@gmail.com expected [true] but found [false]">
      <![CDATA[java.lang.AssertionError: Login failed for: abc@gmail.com expected [true] but found [false]
at testPages.Logintestcase.verifylogin(Logintestcase.java:26)
at java.base/java.util.ArrayList.forEach(ArrayList.java:1511)
... Removed 30 stack frames]]>
    </failure>
  </testcase> <!-- verifylogin -->
</testsuite> <!-- Test -->
