<?xml version="1.0" encoding="UTF-8"?>
<testng-results ignored="0" total="1" passed="1" failed="0" skipped="0">
  <reporter-output>
  </reporter-output>
  <suite started-at="2025-10-30T12:36:41 IST" name="Default suite" finished-at="2025-10-30T12:36:46 IST" duration-ms="5364">
    <groups>
    </groups>
    <test started-at="2025-10-30T12:36:41 IST" name="Default test" finished-at="2025-10-30T12:36:46 IST" duration-ms="5364">
      <class name="testPages.Logintestcase">
        <test-method is-config="true" signature="initconfiguration()[pri:0, instance:testPages.Logintestcase@6c1a5b54]" started-at="2025-10-30T12:36:41 IST" name="initconfiguration" finished-at="2025-10-30T12:36:46 IST" duration-ms="4625" status="PASS">
          <reporter-output>
          </reporter-output>
        </test-method> <!-- initconfiguration -->
        <test-method signature="verifylogin()[pri:0, instance:testPages.Logintestcase@6c1a5b54]" started-at="2025-10-30T12:36:46 IST" name="verifylogin" finished-at="2025-10-30T12:36:46 IST" duration-ms="687" status="PASS">
          <reporter-output>
          </reporter-output>
        </test-method> <!-- verifylogin -->
      </class> <!-- testPages.Logintestcase -->
    </test> <!-- Default test -->
  </suite> <!-- Default suite -->
</testng-results>
