<?xml version="1.0" encoding="UTF-8"?>
<!-- Generated by org.testng.reporters.JUnitReportReporter -->
<testsuite hostname="DESKTOP-HB3M24P" failures="0" tests="5" name="testPages.LoginPage_Tests" time="13.286" errors="1" timestamp="2025-09-23T17:01:10 IST" skipped="4">
  <testcase classname="testPages.LoginPage_Tests" name="APMTlogins" time="0.000">
    <skipped/>
  </testcase> <!-- APMTlogins -->
  <system-out/>
  <testcase classname="testPages.LoginPage_Tests" name="APMTlogins" time="0.000">
    <skipped/>
  </testcase> <!-- APMTlogins -->
  <system-out/>
  <testcase classname="testPages.LoginPage_Tests" name="setupMethod" time="13.286">
    <error message="session not created: This version of ChromeDriver only supports Chrome version 114
Current browser version is 140.0.7339.185 with binary path C:\Program Files (x86)\Google\Chrome\Application\chrome.exe
Build info: version: &#039;4.0.0-alpha-6&#039;, revision: &#039;5f43a29cfc&#039;
System info: host: &#039;DESKTOP-HB3M24P&#039;, ip: &#039;10.241.172.140&#039;, os.name: &#039;Windows 11&#039;, os.arch: &#039;amd64&#039;, os.version: &#039;10.0&#039;, java.version: &#039;23&#039;
Driver info: driver.version: ChromeDriver
remote stacktrace: Backtrace:
	GetHandleVerifier [0x00DEA813+48355]
	(No symbol) [0x00D7C4B1]
	(No symbol) [0x00C85358]
	(No symbol) [0x00CA61AC]
	(No symbol) [0x00CA1EF3]
	(No symbol) [0x00CA0579]
	(No symbol) [0x00CD0C55]
	(No symbol) [0x00CD093C]
	(No symbol) [0x00CCA536]
	(No symbol) [0x00CA82DC]
	(No symbol) [0x00CA93DD]
	GetHandleVerifier [0x0104AABD+2539405]
	GetHandleVerifier [0x0108A78F+2800735]
	GetHandleVerifier [0x0108456C+2775612]
	GetHandleVerifier [0x00E751E0+616112]
	(No symbol) [0x00D85F8C]
	(No symbol) [0x00D82328]
	(No symbol) [0x00D8240B]
	(No symbol) [0x00D74FF7]
	BaseThreadInitThunk [0x772E5D49+25]
	RtlInitializeExceptionChain [0x7764D6DB+107]
	RtlGetAppContainerNamedObjectPath [0x7764D661+561]
" type="org.openqa.selenium.SessionNotCreatedException">
      <![CDATA[org.openqa.selenium.SessionNotCreatedException: session not created: This version of ChromeDriver only supports Chrome version 114
Current browser version is 140.0.7339.185 with binary path C:\Program Files (x86)\Google\Chrome\Application\chrome.exe
Build info: version: '4.0.0-alpha-6', revision: '5f43a29cfc'
System info: host: 'DESKTOP-HB3M24P', ip: '10.241.172.140', os.name: 'Windows 11', os.arch: 'amd64', os.version: '10.0', java.version: '23'
Driver info: driver.version: ChromeDriver
remote stacktrace: Backtrace:
GetHandleVerifier [0x00DEA813+48355]
(No symbol) [0x00D7C4B1]
(No symbol) [0x00C85358]
(No symbol) [0x00CA61AC]
(No symbol) [0x00CA1EF3]
(No symbol) [0x00CA0579]
(No symbol) [0x00CD0C55]
(No symbol) [0x00CD093C]
(No symbol) [0x00CCA536]
(No symbol) [0x00CA82DC]
(No symbol) [0x00CA93DD]
GetHandleVerifier [0x0104AABD+2539405]
GetHandleVerifier [0x0108A78F+2800735]
GetHandleVerifier [0x0108456C+2775612]
GetHandleVerifier [0x00E751E0+616112]
(No symbol) [0x00D85F8C]
(No symbol) [0x00D82328]
(No symbol) [0x00D8240B]
(No symbol) [0x00D74FF7]
BaseThreadInitThunk [0x772E5D49+25]
RtlInitializeExceptionChain [0x7764D6DB+107]
RtlGetAppContainerNamedObjectPath [0x7764D661+561]

at java.base/jdk.internal.reflect.DirectConstructorHandleAccessor.newInstance(DirectConstructorHandleAccessor.java:62)
at java.base/java.lang.reflect.Constructor.newInstanceWithCaller(Constructor.java:501)
at java.base/java.lang.reflect.Constructor.newInstance(Constructor.java:485)
at org.openqa.selenium.remote.W3CHandshakeResponse.lambda$errorHandler$0(W3CHandshakeResponse.java:62)
at org.openqa.selenium.remote.HandshakeResponse.lambda$getResponseFunction$0(HandshakeResponse.java:30)
at org.openqa.selenium.remote.ProtocolHandshake.lambda$createSession$1(ProtocolHandshake.java:126)
at java.base/java.util.stream.ReferencePipeline$3$1.accept(ReferencePipeline.java:215)
at java.base/java.util.Spliterators$ArraySpliterator.tryAdvance(Spliterators.java:1034)
at java.base/java.util.stream.ReferencePipeline.forEachWithCancel(ReferencePipeline.java:147)
at java.base/java.util.stream.AbstractPipeline.copyIntoWithCancel(AbstractPipeline.java:588)
at java.base/java.util.stream.AbstractPipeline.copyInto(AbstractPipeline.java:574)
at java.base/java.util.stream.AbstractPipeline.wrapAndCopyInto(AbstractPipeline.java:560)
at java.base/java.util.stream.FindOps$FindOp.evaluateSequential(FindOps.java:150)
at java.base/java.util.stream.AbstractPipeline.evaluate(AbstractPipeline.java:265)
at java.base/java.util.stream.ReferencePipeline.findFirst(ReferencePipeline.java:687)
at org.openqa.selenium.remote.ProtocolHandshake.createSession(ProtocolHandshake.java:128)
at org.openqa.selenium.remote.ProtocolHandshake.createSession(ProtocolHandshake.java:75)
at org.openqa.selenium.remote.HttpCommandExecutor.execute(HttpCommandExecutor.java:138)
at org.openqa.selenium.remote.service.DriverCommandExecutor.execute(DriverCommandExecutor.java:83)
at org.openqa.selenium.remote.RemoteWebDriver.execute(RemoteWebDriver.java:582)
at org.openqa.selenium.remote.RemoteWebDriver.startSession(RemoteWebDriver.java:216)
at org.openqa.selenium.remote.RemoteWebDriver.<init>(RemoteWebDriver.java:136)
at org.openqa.selenium.chromium.ChromiumDriver.<init>(ChromiumDriver.java:75)
at org.openqa.selenium.chrome.ChromeDriver.<init>(ChromeDriver.java:163)
at org.openqa.selenium.chrome.ChromeDriver.<init>(ChromeDriver.java:150)
at org.openqa.selenium.chrome.ChromeDriver.<init>(ChromeDriver.java:105)
at testBase.TestBase.LaunchBrowserAndNavigate(TestBase.java:42)
at testBase.TestBase.setupMethod(TestBase.java:60)
at java.base/jdk.internal.reflect.DirectMethodHandleAccessor.invoke(DirectMethodHandleAccessor.java:103)
at java.base/java.lang.reflect.Method.invoke(Method.java:580)
at org.testng.internal.MethodInvocationHelper.invokeMethod(MethodInvocationHelper.java:134)
at org.testng.internal.MethodInvocationHelper.invokeMethodConsideringTimeout(MethodInvocationHelper.java:63)
at org.testng.internal.ConfigInvoker.invokeConfigurationMethod(ConfigInvoker.java:348)
at org.testng.internal.ConfigInvoker.invokeConfigurations(ConfigInvoker.java:302)
at org.testng.internal.TestInvoker.runConfigMethods(TestInvoker.java:695)
at org.testng.internal.TestInvoker.invokeMethod(TestInvoker.java:523)
at org.testng.internal.TestInvoker.invokeTestMethod(TestInvoker.java:173)
at org.testng.internal.MethodRunner.runInSequence(MethodRunner.java:46)
at org.testng.internal.TestInvoker$MethodInvocationAgent.invoke(TestInvoker.java:816)
at org.testng.internal.TestInvoker.invokeTestMethods(TestInvoker.java:146)
at org.testng.internal.TestMethodWorker.invokeTestMethods(TestMethodWorker.java:146)
at org.testng.internal.TestMethodWorker.run(TestMethodWorker.java:128)
at java.base/java.util.ArrayList.forEach(ArrayList.java:1597)
at org.testng.TestRunner.privateRun(TestRunner.java:766)
at org.testng.TestRunner.run(TestRunner.java:587)
at org.testng.SuiteRunner.runTest(SuiteRunner.java:384)
at org.testng.SuiteRunner.runSequentially(SuiteRunner.java:378)
at org.testng.SuiteRunner.privateRun(SuiteRunner.java:337)
at org.testng.SuiteRunner.run(SuiteRunner.java:286)
at org.testng.SuiteRunnerWorker.runSuite(SuiteRunnerWorker.java:53)
at org.testng.SuiteRunnerWorker.run(SuiteRunnerWorker.java:96)
at org.testng.TestNG.runSuitesSequentially(TestNG.java:1187)
at org.testng.TestNG.runSuitesLocally(TestNG.java:1109)
at org.testng.TestNG.runSuites(TestNG.java:1039)
at org.testng.TestNG.run(TestNG.java:1007)
at org.testng.remote.AbstractRemoteTestNG.run(AbstractRemoteTestNG.java:115)
at org.testng.remote.RemoteTestNG.initAndRun(RemoteTestNG.java:293)
at org.testng.remote.RemoteTestNG.main(RemoteTestNG.java:91)
]]>
    </error>
  </testcase> <!-- setupMethod -->
  <system-out/>
  <testcase classname="testPages.LoginPage_Tests" name="APMTlogins" time="0.000">
    <skipped/>
  </testcase> <!-- APMTlogins -->
  <system-out/>
  <testcase classname="testPages.LoginPage_Tests" name="APMTlogins" time="0.000">
    <skipped/>
  </testcase> <!-- APMTlogins -->
  <system-out/>
</testsuite> <!-- testPages.LoginPage_Tests -->
